This is pdfTeX, Version 3.141592653-2.6-1.40.27 (TeX Live 2025) (preloaded format=pdflatex 2025.10.19)  23 FEB 2026 22:27
entering extended mode
 restricted \write18 enabled.
 file:line:error style messages enabled.
 %&-line parsing enabled.
**/Users/tsurugi/Desktop/Universities/UniBonn/Semester3/V4A9/Note/V4A9_note.tex
(/Users/tsurugi/Desktop/Universities/UniBonn/Semester3/V4A9/Note/V4A9_note.tex
LaTeX2e <2024-11-01> patch level 2
L3 programming layer <2025-01-18>
(/usr/local/texlive/2025/texmf-dist/tex/latex/base/article.cls
Document Class: article 2024/06/29 v1.4n Standard LaTeX document class
(/usr/local/texlive/2025/texmf-dist/tex/latex/base/size10.clo
File: size10.clo 2024/06/29 v1.4n Standard LaTeX file (size option)
)
\c@part=\count196
\c@section=\count197
\c@subsection=\count198
\c@subsubsection=\count199
\c@paragraph=\count266
\c@subparagraph=\count267
\c@figure=\count268
\c@table=\count269
\abovecaptionskip=\skip49
\belowcaptionskip=\skip50
\bibindent=\dimen141
) (/usr/local/texlive/2025/texmf-dist/tex/latex/amsmath/amsmath.sty
Package: amsmath 2024/11/05 v2.17t AMS math features
\@mathmargin=\skip51

For additional information on amsmath, use the `?' option.
(/usr/local/texlive/2025/texmf-dist/tex/latex/amsmath/amstext.sty
Package: amstext 2021/08/26 v2.01 AMS text
 (/usr/local/texlive/2025/texmf-dist/tex/latex/amsmath/amsgen.sty
File: amsgen.sty 1999/11/30 v2.0 generic functions
\@emptytoks=\toks17
\ex@=\dimen142
)) (/usr/local/texlive/2025/texmf-dist/tex/latex/amsmath/amsbsy.sty
Package: amsbsy 1999/11/29 v1.2d Bold Symbols
\pmbraise@=\dimen143
) (/usr/local/texlive/2025/texmf-dist/tex/latex/amsmath/amsopn.sty
Package: amsopn 2022/04/08 v2.04 operator names
)
\inf@bad=\count270
LaTeX Info: Redefining \frac on input line 233.
\uproot@=\count271
\leftroot@=\count272
LaTeX Info: Redefining \overline on input line 398.
LaTeX Info: Redefining \colon on input line 409.
\classnum@=\count273
\DOTSCASE@=\count274
LaTeX Info: Redefining \ldots on input line 495.
LaTeX Info: Redefining \dots on input line 498.
LaTeX Info: Redefining \cdots on input line 619.
\Mathstrutbox@=\box52
\strutbox@=\box53
LaTeX Info: Redefining \big on input line 721.
LaTeX Info: Redefining \Big on input line 722.
LaTeX Info: Redefining \bigg on input line 723.
LaTeX Info: Redefining \Bigg on input line 724.
\big@size=\dimen144
LaTeX Font Info:    Redeclaring font encoding OML on input line 742.
LaTeX Font Info:    Redeclaring font encoding OMS on input line 743.
\macc@depth=\count275
LaTeX Info: Redefining \bmod on input line 904.
LaTeX Info: Redefining \pmod on input line 909.
LaTeX Info: Redefining \smash on input line 939.
LaTeX Info: Redefining \relbar on input line 969.
LaTeX Info: Redefining \Relbar on input line 970.
\c@MaxMatrixCols=\count276
\dotsspace@=\muskip17
\c@parentequation=\count277
\dspbrk@lvl=\count278
\tag@help=\toks18
\row@=\count279
\column@=\count280
\maxfields@=\count281
\andhelp@=\toks19
\eqnshift@=\dimen145
\alignsep@=\dimen146
\tagshift@=\dimen147
\tagwidth@=\dimen148
\totwidth@=\dimen149
\lineht@=\dimen150
\@envbody=\toks20
\multlinegap=\skip52
\multlinetaggap=\skip53
\mathdisplay@stack=\toks21
LaTeX Info: Redefining \[ on input line 2953.
LaTeX Info: Redefining \] on input line 2954.
) (/usr/local/texlive/2025/texmf-dist/tex/latex/amsfonts/amssymb.sty
Package: amssymb 2013/01/14 v3.01 AMS font symbols
 (/usr/local/texlive/2025/texmf-dist/tex/latex/amsfonts/amsfonts.sty
Package: amsfonts 2013/01/14 v3.01 Basic AMSFonts support
\symAMSa=\mathgroup4
\symAMSb=\mathgroup5
LaTeX Font Info:    Redeclaring math symbol \hbar on input line 98.
LaTeX Font Info:    Overwriting math alphabet `\mathfrak' in version `bold'
(Font)                  U/euf/m/n --> U/euf/b/n on input line 106.
)) (/usr/local/texlive/2025/texmf-dist/tex/latex/amscls/amsthm.sty
Package: amsthm 2020/05/29 v2.20.6
\thm@style=\toks22
\thm@bodyfont=\toks23
\thm@headfont=\toks24
\thm@notefont=\toks25
\thm@headpunct=\toks26
\thm@preskip=\skip54
\thm@postskip=\skip55
\thm@headsep=\skip56
\dth@everypar=\toks27
) (/usr/local/texlive/2025/texmf-dist/tex/latex/jknapltx/mathrsfs.sty
Package: mathrsfs 1996/01/01 Math RSFS package v1.0 (jk)
\symrsfs=\mathgroup6
) (/usr/local/texlive/2025/texmf-dist/tex/latex/mathtools/mathtools.sty
Package: mathtools 2024/10/04 v1.31 mathematical typesetting tools
 (/usr/local/texlive/2025/texmf-dist/tex/latex/graphics/keyval.sty
Package: keyval 2022/05/29 v1.15 key=value parser (DPC)
\KV@toks@=\toks28
) (/usr/local/texlive/2025/texmf-dist/tex/latex/tools/calc.sty
Package: calc 2023/07/08 v4.3 Infix arithmetic (KKT,FJ)
\calc@Acount=\count282
\calc@Bcount=\count283
\calc@Adimen=\dimen151
\calc@Bdimen=\dimen152
\calc@Askip=\skip57
\calc@Bskip=\skip58
LaTeX Info: Redefining \setlength on input line 80.
LaTeX Info: Redefining \addtolength on input line 81.
\calc@Ccount=\count284
\calc@Cskip=\skip59
) (/usr/local/texlive/2025/texmf-dist/tex/latex/mathtools/mhsetup.sty
Package: mhsetup 2021/03/18 v1.4 programming setup (MH)
)
\g_MT_multlinerow_int=\count285
\l_MT_multwidth_dim=\dimen153
\origjot=\skip60
\l_MT_shortvdotswithinadjustabove_dim=\dimen154
\l_MT_shortvdotswithinadjustbelow_dim=\dimen155
\l_MT_above_intertext_sep=\dimen156
\l_MT_below_intertext_sep=\dimen157
\l_MT_above_shortintertext_sep=\dimen158
\l_MT_below_shortintertext_sep=\dimen159
\xmathstrut@box=\box54
\xmathstrut@dim=\dimen160
) (/usr/local/texlive/2025/texmf-dist/tex/latex/tools/enumerate.sty
Package: enumerate 2023/07/04 v3.00 enumerate extensions (DPC)
\@enLab=\toks29
) (/usr/local/texlive/2025/texmf-dist/tex/latex/bbm-macros/bbm.sty
Package: bbm 1999/03/15 V 1.2 provides fonts for set symbols - TH
LaTeX Font Info:    Overwriting math alphabet `\mathbbm' in version `bold'
(Font)                  U/bbm/m/n --> U/bbm/bx/n on input line 33.
LaTeX Font Info:    Overwriting math alphabet `\mathbbmss' in version `bold'
(Font)                  U/bbmss/m/n --> U/bbmss/bx/n on input line 35.
) (/usr/local/texlive/2025/texmf-dist/tex/latex/lipsum/lipsum.sty (/usr/local/texlive/2025/texmf-dist/tex/latex/l3packages/l3keys2e/l3keys2e.sty (/usr/local/texlive/2025/texmf-dist/tex/latex/l3kernel/expl3.sty
Package: expl3 2025-01-18 L3 programming layer (loader) 
 (/usr/local/texlive/2025/texmf-dist/tex/latex/l3backend/l3backend-pdftex.def
File: l3backend-pdftex.def 2024-05-08 L3 backend support: PDF output (pdfTeX)
\l__color_backend_stack_int=\count286
\l__pdf_internal_box=\box55
))
Package: l3keys2e 2024-08-16 LaTeX2e option processing using LaTeX3 keys
)
Package: lipsum 2021-09-20 v2.7 150 paragraphs of Lorem Ipsum dummy text
\g__lipsum_par_int=\count287
\l__lipsum_a_int=\count288
\l__lipsum_b_int=\count289
 (/usr/local/texlive/2025/texmf-dist/tex/latex/lipsum/lipsum.ltd.tex)) (/usr/local/texlive/2025/texmf-dist/tex/latex/fancyhdr/fancyhdr.sty
Package: fancyhdr 2025/02/07 v5.2 Extensive control of page headers and footers
\f@nch@headwidth=\skip61
\f@nch@offset@elh=\skip62
\f@nch@offset@erh=\skip63
\f@nch@offset@olh=\skip64
\f@nch@offset@orh=\skip65
\f@nch@offset@elf=\skip66
\f@nch@offset@erf=\skip67
\f@nch@offset@olf=\skip68
\f@nch@offset@orf=\skip69
\f@nch@height=\skip70
\f@nch@footalignment=\skip71
\f@nch@widthL=\skip72
\f@nch@widthC=\skip73
\f@nch@widthR=\skip74
\@temptokenb=\toks30
) (/usr/local/texlive/2025/texmf-dist/tex/latex/tikz-cd/tikz-cd.sty
Package: tikz-cd 2021/05/04 v1.0 Commutative diagrams with TikZ
 (/usr/local/texlive/2025/texmf-dist/tex/latex/pgf/frontendlayer/tikz.sty (/usr/local/texlive/2025/texmf-dist/tex/latex/pgf/basiclayer/pgf.sty (/usr/local/texlive/2025/texmf-dist/tex/latex/pgf/utilities/pgfrcs.sty (/usr/local/texlive/2025/texmf-dist/tex/generic/pgf/utilities/pgfutil-common.tex
\pgfutil@everybye=\toks31
\pgfutil@tempdima=\dimen161
\pgfutil@tempdimb=\dimen162
) (/usr/local/texlive/2025/texmf-dist/tex/generic/pgf/utilities/pgfutil-latex.def
\pgfutil@abb=\box56
) (/usr/local/texlive/2025/texmf-dist/tex/generic/pgf/utilities/pgfrcs.code.tex (/usr/local/texlive/2025/texmf-dist/tex/generic/pgf/pgf.revision.tex)
Package: pgfrcs 2023-01-15 v3.1.10 (3.1.10)
))
Package: pgf 2023-01-15 v3.1.10 (3.1.10)
 (/usr/local/texlive/2025/texmf-dist/tex/latex/pgf/basiclayer/pgfcore.sty (/usr/local/texlive/2025/texmf-dist/tex/latex/graphics/graphicx.sty
Package: graphicx 2021/09/16 v1.2d Enhanced LaTeX Graphics (DPC,SPQR)
 (/usr/local/texlive/2025/texmf-dist/tex/latex/graphics/graphics.sty
Package: graphics 2024/08/06 v1.4g Standard LaTeX Graphics (DPC,SPQR)
 (/usr/local/texlive/2025/texmf-dist/tex/latex/graphics/trig.sty
Package: trig 2023/12/02 v1.11 sin cos tan (DPC)
) (/usr/local/texlive/2025/texmf-dist/tex/latex/graphics-cfg/graphics.cfg
File: graphics.cfg 2016/06/04 v1.11 sample graphics configuration
)
Package graphics Info: Driver file: pdftex.def on input line 106.
 (/usr/local/texlive/2025/texmf-dist/tex/latex/graphics-def/pdftex.def
File: pdftex.def 2024/04/13 v1.2c Graphics/color driver for pdftex
))
\Gin@req@height=\dimen163
\Gin@req@width=\dimen164
) (/usr/local/texlive/2025/texmf-dist/tex/latex/pgf/systemlayer/pgfsys.sty (/usr/local/texlive/2025/texmf-dist/tex/generic/pgf/systemlayer/pgfsys.code.tex
Package: pgfsys 2023-01-15 v3.1.10 (3.1.10)
 (/usr/local/texlive/2025/texmf-dist/tex/generic/pgf/utilities/pgfkeys.code.tex
\pgfkeys@pathtoks=\toks32
\pgfkeys@temptoks=\toks33
 (/usr/local/texlive/2025/texmf-dist/tex/generic/pgf/utilities/pgfkeyslibraryfiltered.code.tex
\pgfkeys@tmptoks=\toks34
))
\pgf@x=\dimen165
\pgf@y=\dimen166
\pgf@xa=\dimen167
\pgf@ya=\dimen168
\pgf@xb=\dimen169
\pgf@yb=\dimen170
\pgf@xc=\dimen171
\pgf@yc=\dimen172
\pgf@xd=\dimen173
\pgf@yd=\dimen174
\w@pgf@writea=\write3
\r@pgf@reada=\read2
\c@pgf@counta=\count290
\c@pgf@countb=\count291
\c@pgf@countc=\count292
\c@pgf@countd=\count293
\t@pgf@toka=\toks35
\t@pgf@tokb=\toks36
\t@pgf@tokc=\toks37
\pgf@sys@id@count=\count294
 (/usr/local/texlive/2025/texmf-dist/tex/generic/pgf/systemlayer/pgf.cfg
File: pgf.cfg 2023-01-15 v3.1.10 (3.1.10)
)
Driver file for pgf: pgfsys-pdftex.def
 (/usr/local/texlive/2025/texmf-dist/tex/generic/pgf/systemlayer/pgfsys-pdftex.def
File: pgfsys-pdftex.def 2023-01-15 v3.1.10 (3.1.10)
 (/usr/local/texlive/2025/texmf-dist/tex/generic/pgf/systemlayer/pgfsys-common-pdf.def
File: pgfsys-common-pdf.def 2023-01-15 v3.1.10 (3.1.10)
))) (/usr/local/texlive/2025/texmf-dist/tex/generic/pgf/systemlayer/pgfsyssoftpath.code.tex
File: pgfsyssoftpath.code.tex 2023-01-15 v3.1.10 (3.1.10)
\pgfsyssoftpath@smallbuffer@items=\count295
\pgfsyssoftpath@bigbuffer@items=\count296
) (/usr/local/texlive/2025/texmf-dist/tex/generic/pgf/systemlayer/pgfsysprotocol.code.tex
File: pgfsysprotocol.code.tex 2023-01-15 v3.1.10 (3.1.10)
)) (/usr/local/texlive/2025/texmf-dist/tex/latex/xcolor/xcolor.sty
Package: xcolor 2024/09/29 v3.02 LaTeX color extensions (UK)
 (/usr/local/texlive/2025/texmf-dist/tex/latex/graphics-cfg/color.cfg
File: color.cfg 2016/01/02 v1.6 sample color configuration
)
Package xcolor Info: Driver file: pdftex.def on input line 274.
 (/usr/local/texlive/2025/texmf-dist/tex/latex/graphics/mathcolor.ltx)
Package xcolor Info: Model `cmy' substituted by `cmy0' on input line 1349.
Package xcolor Info: Model `hsb' substituted by `rgb' on input line 1353.
Package xcolor Info: Model `RGB' extended on input line 1365.
Package xcolor Info: Model `HTML' substituted by `rgb' on input line 1367.
Package xcolor Info: Model `Hsb' substituted by `hsb' on input line 1368.
Package xcolor Info: Model `tHsb' substituted by `hsb' on input line 1369.
Package xcolor Info: Model `HSB' substituted by `hsb' on input line 1370.
Package xcolor Info: Model `Gray' substituted by `gray' on input line 1371.
Package xcolor Info: Model `wave' substituted by `hsb' on input line 1372.
) (/usr/local/texlive/2025/texmf-dist/tex/generic/pgf/basiclayer/pgfcore.code.tex
Package: pgfcore 2023-01-15 v3.1.10 (3.1.10)
 (/usr/local/texlive/2025/texmf-dist/tex/generic/pgf/math/pgfmath.code.tex (/usr/local/texlive/2025/texmf-dist/tex/generic/pgf/math/pgfmathutil.code.tex) (/usr/local/texlive/2025/texmf-dist/tex/generic/pgf/math/pgfmathparser.code.tex
\pgfmath@dimen=\dimen175
\pgfmath@count=\count297
\pgfmath@box=\box57
\pgfmath@toks=\toks38
\pgfmath@stack@operand=\toks39
\pgfmath@stack@operation=\toks40
) (/usr/local/texlive/2025/texmf-dist/tex/generic/pgf/math/pgfmathfunctions.code.tex) (/usr/local/texlive/2025/texmf-dist/tex/generic/pgf/math/pgfmathfunctions.basic.code.tex) (/usr/local/texlive/2025/texmf-dist/tex/generic/pgf/math/pgfmathfunctions.trigonometric.code.tex) (/usr/local/texlive/2025/texmf-dist/tex/generic/pgf/math/pgfmathfunctions.random.code.tex) (/usr/local/texlive/2025/texmf-dist/tex/generic/pgf/math/pgfmathfunctions.comparison.code.tex) (/usr/local/texlive/2025/texmf-dist/tex/generic/pgf/math/pgfmathfunctions.base.code.tex) (/usr/local/texlive/2025/texmf-dist/tex/generic/pgf/math/pgfmathfunctions.round.code.tex) (/usr/local/texlive/2025/texmf-dist/tex/generic/pgf/math/pgfmathfunctions.misc.code.tex) (/usr/local/texlive/2025/texmf-dist/tex/generic/pgf/math/pgfmathfunctions.integerarithmetics.code.tex) (/usr/local/texlive/2025/texmf-dist/tex/generic/pgf/math/pgfmathcalc.code.tex) (/usr/local/texlive/2025/texmf-dist/tex/generic/pgf/math/pgfmathfloat.code.tex
\c@pgfmathroundto@lastzeros=\count298
)) (/usr/local/texlive/2025/texmf-dist/tex/generic/pgf/math/pgfint.code.tex) (/usr/local/texlive/2025/texmf-dist/tex/generic/pgf/basiclayer/pgfcorepoints.code.tex
File: pgfcorepoints.code.tex 2023-01-15 v3.1.10 (3.1.10)
\pgf@picminx=\dimen176
\pgf@picmaxx=\dimen177
\pgf@picminy=\dimen178
\pgf@picmaxy=\dimen179
\pgf@pathminx=\dimen180
\pgf@pathmaxx=\dimen181
\pgf@pathminy=\dimen182
\pgf@pathmaxy=\dimen183
\pgf@xx=\dimen184
\pgf@xy=\dimen185
\pgf@yx=\dimen186
\pgf@yy=\dimen187
\pgf@zx=\dimen188
\pgf@zy=\dimen189
) (/usr/local/texlive/2025/texmf-dist/tex/generic/pgf/basiclayer/pgfcorepathconstruct.code.tex
File: pgfcorepathconstruct.code.tex 2023-01-15 v3.1.10 (3.1.10)
\pgf@path@lastx=\dimen190
\pgf@path@lasty=\dimen191
) (/usr/local/texlive/2025/texmf-dist/tex/generic/pgf/basiclayer/pgfcorepathusage.code.tex
File: pgfcorepathusage.code.tex 2023-01-15 v3.1.10 (3.1.10)
\pgf@shorten@end@additional=\dimen192
\pgf@shorten@start@additional=\dimen193
) (/usr/local/texlive/2025/texmf-dist/tex/generic/pgf/basiclayer/pgfcorescopes.code.tex
File: pgfcorescopes.code.tex 2023-01-15 v3.1.10 (3.1.10)
\pgfpic=\box58
\pgf@hbox=\box59
\pgf@layerbox@main=\box60
\pgf@picture@serial@count=\count299
) (/usr/local/texlive/2025/texmf-dist/tex/generic/pgf/basiclayer/pgfcoregraphicstate.code.tex
File: pgfcoregraphicstate.code.tex 2023-01-15 v3.1.10 (3.1.10)
\pgflinewidth=\dimen194
) (/usr/local/texlive/2025/texmf-dist/tex/generic/pgf/basiclayer/pgfcoretransformations.code.tex
File: pgfcoretransformations.code.tex 2023-01-15 v3.1.10 (3.1.10)
\pgf@pt@x=\dimen195
\pgf@pt@y=\dimen196
\pgf@pt@temp=\dimen197
) (/usr/local/texlive/2025/texmf-dist/tex/generic/pgf/basiclayer/pgfcorequick.code.tex
File: pgfcorequick.code.tex 2023-01-15 v3.1.10 (3.1.10)
) (/usr/local/texlive/2025/texmf-dist/tex/generic/pgf/basiclayer/pgfcoreobjects.code.tex
File: pgfcoreobjects.code.tex 2023-01-15 v3.1.10 (3.1.10)
) (/usr/local/texlive/2025/texmf-dist/tex/generic/pgf/basiclayer/pgfcorepathprocessing.code.tex
File: pgfcorepathprocessing.code.tex 2023-01-15 v3.1.10 (3.1.10)
) (/usr/local/texlive/2025/texmf-dist/tex/generic/pgf/basiclayer/pgfcorearrows.code.tex
File: pgfcorearrows.code.tex 2023-01-15 v3.1.10 (3.1.10)
\pgfarrowsep=\dimen198
) (/usr/local/texlive/2025/texmf-dist/tex/generic/pgf/basiclayer/pgfcoreshade.code.tex
File: pgfcoreshade.code.tex 2023-01-15 v3.1.10 (3.1.10)
\pgf@max=\dimen199
\pgf@sys@shading@range@num=\count300
\pgf@shadingcount=\count301
) (/usr/local/texlive/2025/texmf-dist/tex/generic/pgf/basiclayer/pgfcoreimage.code.tex
File: pgfcoreimage.code.tex 2023-01-15 v3.1.10 (3.1.10)
) (/usr/local/texlive/2025/texmf-dist/tex/generic/pgf/basiclayer/pgfcoreexternal.code.tex
File: pgfcoreexternal.code.tex 2023-01-15 v3.1.10 (3.1.10)
\pgfexternal@startupbox=\box61
) (/usr/local/texlive/2025/texmf-dist/tex/generic/pgf/basiclayer/pgfcorelayers.code.tex
File: pgfcorelayers.code.tex 2023-01-15 v3.1.10 (3.1.10)
) (/usr/local/texlive/2025/texmf-dist/tex/generic/pgf/basiclayer/pgfcoretransparency.code.tex
File: pgfcoretransparency.code.tex 2023-01-15 v3.1.10 (3.1.10)
) (/usr/local/texlive/2025/texmf-dist/tex/generic/pgf/basiclayer/pgfcorepatterns.code.tex
File: pgfcorepatterns.code.tex 2023-01-15 v3.1.10 (3.1.10)
) (/usr/local/texlive/2025/texmf-dist/tex/generic/pgf/basiclayer/pgfcorerdf.code.tex
File: pgfcorerdf.code.tex 2023-01-15 v3.1.10 (3.1.10)
))) (/usr/local/texlive/2025/texmf-dist/tex/generic/pgf/modules/pgfmoduleshapes.code.tex
File: pgfmoduleshapes.code.tex 2023-01-15 v3.1.10 (3.1.10)
\pgfnodeparttextbox=\box62
) (/usr/local/texlive/2025/texmf-dist/tex/generic/pgf/modules/pgfmoduleplot.code.tex
File: pgfmoduleplot.code.tex 2023-01-15 v3.1.10 (3.1.10)
) (/usr/local/texlive/2025/texmf-dist/tex/latex/pgf/compatibility/pgfcomp-version-0-65.sty
Package: pgfcomp-version-0-65 2023-01-15 v3.1.10 (3.1.10)
\pgf@nodesepstart=\dimen256
\pgf@nodesepend=\dimen257
) (/usr/local/texlive/2025/texmf-dist/tex/latex/pgf/compatibility/pgfcomp-version-1-18.sty
Package: pgfcomp-version-1-18 2023-01-15 v3.1.10 (3.1.10)
)) (/usr/local/texlive/2025/texmf-dist/tex/latex/pgf/utilities/pgffor.sty (/usr/local/texlive/2025/texmf-dist/tex/latex/pgf/utilities/pgfkeys.sty (/usr/local/texlive/2025/texmf-dist/tex/generic/pgf/utilities/pgfkeys.code.tex)) (/usr/local/texlive/2025/texmf-dist/tex/latex/pgf/math/pgfmath.sty (/usr/local/texlive/2025/texmf-dist/tex/generic/pgf/math/pgfmath.code.tex)) (/usr/local/texlive/2025/texmf-dist/tex/generic/pgf/utilities/pgffor.code.tex
Package: pgffor 2023-01-15 v3.1.10 (3.1.10)
\pgffor@iter=\dimen258
\pgffor@skip=\dimen259
\pgffor@stack=\toks41
\pgffor@toks=\toks42
)) (/usr/local/texlive/2025/texmf-dist/tex/generic/pgf/frontendlayer/tikz/tikz.code.tex
Package: tikz 2023-01-15 v3.1.10 (3.1.10)
 (/usr/local/texlive/2025/texmf-dist/tex/generic/pgf/libraries/pgflibraryplothandlers.code.tex
File: pgflibraryplothandlers.code.tex 2023-01-15 v3.1.10 (3.1.10)
\pgf@plot@mark@count=\count302
\pgfplotmarksize=\dimen260
)
\tikz@lastx=\dimen261
\tikz@lasty=\dimen262
\tikz@lastxsaved=\dimen263
\tikz@lastysaved=\dimen264
\tikz@lastmovetox=\dimen265
\tikz@lastmovetoy=\dimen266
\tikzleveldistance=\dimen267
\tikzsiblingdistance=\dimen268
\tikz@figbox=\box63
\tikz@figbox@bg=\box64
\tikz@tempbox=\box65
\tikz@tempbox@bg=\box66
\tikztreelevel=\count303
\tikznumberofchildren=\count304
\tikznumberofcurrentchild=\count305
\tikz@fig@count=\count306
 (/usr/local/texlive/2025/texmf-dist/tex/generic/pgf/modules/pgfmodulematrix.code.tex
File: pgfmodulematrix.code.tex 2023-01-15 v3.1.10 (3.1.10)
\pgfmatrixcurrentrow=\count307
\pgfmatrixcurrentcolumn=\count308
\pgf@matrix@numberofcolumns=\count309
)
\tikz@expandcount=\count310
 (/usr/local/texlive/2025/texmf-dist/tex/generic/pgf/frontendlayer/tikz/libraries/tikzlibrarytopaths.code.tex
File: tikzlibrarytopaths.code.tex 2023-01-15 v3.1.10 (3.1.10)
))) (/usr/local/texlive/2025/texmf-dist/tex/generic/tikz-cd/tikzlibrarycd.code.tex (/usr/local/texlive/2025/texmf-dist/tex/generic/pgf/frontendlayer/tikz/libraries/tikzlibrarymatrix.code.tex
File: tikzlibrarymatrix.code.tex 2023-01-15 v3.1.10 (3.1.10)
) (/usr/local/texlive/2025/texmf-dist/tex/generic/pgf/frontendlayer/tikz/libraries/tikzlibraryquotes.code.tex
File: tikzlibraryquotes.code.tex 2023-01-15 v3.1.10 (3.1.10)
) (/usr/local/texlive/2025/texmf-dist/tex/generic/pgf/libraries/pgflibraryarrows.meta.code.tex
File: pgflibraryarrows.meta.code.tex 2023-01-15 v3.1.10 (3.1.10)
\pgfarrowinset=\dimen269
\pgfarrowlength=\dimen270
\pgfarrowwidth=\dimen271
\pgfarrowlinewidth=\dimen272
))) (/usr/local/texlive/2025/texmf-dist/tex/latex/nicematrix/nicematrix.sty
Package: nicematrix 2025/03/04 v7.1a Enhanced arrays with the help of PGF/TikZ
 (/usr/local/texlive/2025/texmf-dist/tex/latex/tools/array.sty
Package: array 2024/10/17 v2.6g Tabular extension package (FMi)
\col@sep=\dimen273
\ar@mcellbox=\box67
\extrarowheight=\dimen274
\NC@list=\toks43
\extratabsurround=\skip75
\backup@length=\skip76
\ar@cellbox=\box68
)
\g__nicematrix_env_int=\count311
\g__nicematrix_NiceMatrixBlock_int=\count312
\g__nicematrix_notes_caption_int=\count313
\l__nicematrix_columns_width_dim=\dimen275
\l__nicematrix_col_width_dim=\dimen276
\g__nicematrix_row_total_int=\count314
\g__nicematrix_col_total_int=\count315
\g__nicematrix_last_row_node_int=\count316
\l__nicematrix_key_nb_rows_int=\count317
\g__nicematrix_blocks_wd_dim=\dimen277
\g__nicematrix_blocks_ht_dim=\dimen278
\g__nicematrix_blocks_dp_dim=\dimen279
\l__nicematrix_width_dim=\dimen280
\l__nicematrix_tabular_width_dim=\dimen281
\l__nicematrix_rule_width_dim=\dimen282
\l__nicematrix_old_iRow_int=\count318
\l__nicematrix_old_jCol_int=\count319
\g__nicematrix_total_X_weight_int=\count320
\l__nicematrix_X_columns_dim=\dimen283
\l__nicematrix_x_initial_dim=\dimen284
\l__nicematrix_y_initial_dim=\dimen285
\l__nicematrix_x_final_dim=\dimen286
\l__nicematrix_y_final_dim=\dimen287
\l__nicematrix_tmpc_dim=\dimen288
\l__nicematrix_tmpd_dim=\dimen289
\l__nicematrix_tmpe_dim=\dimen290
\l__nicematrix_tmpf_dim=\dimen291
\g__nicematrix_dp_row_zero_dim=\dimen292
\g__nicematrix_ht_row_zero_dim=\dimen293
\g__nicematrix_ht_row_one_dim=\dimen294
\g__nicematrix_dp_ante_last_row_dim=\dimen295
\g__nicematrix_ht_last_row_dim=\dimen296
\g__nicematrix_dp_last_row_dim=\dimen297
\g__nicematrix_width_last_col_dim=\dimen298
\g__nicematrix_width_first_col_dim=\dimen299
\l__nicematrix_row_min_int=\count321
\l__nicematrix_row_max_int=\count322
\l__nicematrix_col_min_int=\count323
\l__nicematrix_col_max_int=\count324
\l__nicematrix_start_int=\count325
\l__nicematrix_end_int=\count326
\l__nicematrix_local_start_int=\count327
\l__nicematrix_local_end_int=\count328
\g__nicematrix_static_num_of_col_int=\count329
\l__nicematrix_rounded_corners_dim=\dimen300
\l__nicematrix_tab_rounded_corners_dim=\dimen301
\l__nicematrix_offset_dim=\dimen302
\l__nicematrix_line_width_dim=\dimen303
\g__nicematrix_block_box_int=\count330
\l__nicematrix_submatrix_extra_height_dim=\dimen304
\l__nicematrix_submatrix_left_xshift_dim=\dimen305
\l__nicematrix_submatrix_right_xshift_dim=\dimen306
\l__nicematrix_first_row_int=\count331
\l__nicematrix_first_col_int=\count332
\l__nicematrix_last_row_int=\count333
\l__nicematrix_last_col_int=\count334
\c@tabularnote=\count335
\g__nicematrix_tabularnote_int=\count336
\c@nicematrix_draft=\count337
\l__nicematrix_cell_space_top_limit_dim=\dimen307
\l__nicematrix_cell_space_bottom_limit_dim=\dimen308
\l__nicematrix_xdots_inter_dim=\dimen309
\l__nicematrix_xdots_shorten_start_dim=\dimen310
\l__nicematrix_xdots_shorten_end_dim=\dimen311
\l__nicematrix_xdots_radius_dim=\dimen312
\l__nicematrix_notes_above_space_dim=\dimen313
\l__nicematrix_left_margin_dim=\dimen314
\l__nicematrix_right_margin_dim=\dimen315
\l__nicematrix_extra_left_margin_dim=\dimen316
\l__nicematrix_extra_right_margin_dim=\dimen317
\c__nicematrix_max_l_dim=\dimen318
\l__nicematrix_position_int=\count338
\l__nicematrix_multiplicity_int=\count339
\l__nicematrix_brace_yshift_dim=\dimen319
) (/usr/local/texlive/2025/texmf-dist/tex/latex/stmaryrd/stmaryrd.sty
Package: stmaryrd 1994/03/03 St Mary's Road symbol package
\symstmry=\mathgroup7
LaTeX Font Info:    Overwriting symbol font `stmry' in version `bold'
(Font)                  U/stmry/m/n --> U/stmry/b/n on input line 89.
) (/usr/local/texlive/2025/texmf-dist/tex/generic/pgf/frontendlayer/tikz/libraries/tikzlibraryarrows.code.tex
File: tikzlibraryarrows.code.tex 2023-01-15 v3.1.10 (3.1.10)
 (/usr/local/texlive/2025/texmf-dist/tex/generic/pgf/libraries/pgflibraryarrows.code.tex
File: pgflibraryarrows.code.tex 2023-01-15 v3.1.10 (3.1.10)
\arrowsize=\dimen320
))
\c@claim=\count340
\c@theorem=\count341
\c@proposition=\count342
\c@definition=\count343
\c@lemma=\count344
\c@notation=\count345
\c@remark=\count346
\c@corollary=\count347
\c@terminology=\count348
\c@fact=\count349
\c@example=\count350
 (./V4A9_note.aux

LaTeX Warning: Label `lemma_108' multiply defined.


LaTeX Warning: Label `corollary_109' multiply defined.

)
\openout1 = `V4A9_note.aux'.

LaTeX Font Info:    Checking defaults for OML/cmm/m/it on input line 126.
LaTeX Font Info:    ... okay on input line 126.
LaTeX Font Info:    Checking defaults for OMS/cmsy/m/n on input line 126.
LaTeX Font Info:    ... okay on input line 126.
LaTeX Font Info:    Checking defaults for OT1/cmr/m/n on input line 126.
LaTeX Font Info:    ... okay on input line 126.
LaTeX Font Info:    Checking defaults for T1/cmr/m/n on input line 126.
LaTeX Font Info:    ... okay on input line 126.
LaTeX Font Info:    Checking defaults for TS1/cmr/m/n on input line 126.
LaTeX Font Info:    ... okay on input line 126.
LaTeX Font Info:    Checking defaults for OMX/cmex/m/n on input line 126.
LaTeX Font Info:    ... okay on input line 126.
LaTeX Font Info:    Checking defaults for U/cmr/m/n on input line 126.
LaTeX Font Info:    ... okay on input line 126.
 (/usr/local/texlive/2025/texmf-dist/tex/context/base/mkii/supp-pdf.mkii
[Loading MPS to PDF converter (version 2006.09.02).]
\scratchcounter=\count351
\scratchdimen=\dimen321
\scratchbox=\box69
\nofMPsegments=\count352
\nofMParguments=\count353
\everyMPshowfont=\toks44
\MPscratchCnt=\count354
\MPscratchDim=\dimen322
\MPnumerator=\count355
\makeMPintoPDFobject=\count356
\everyMPtoPDFconversion=\toks45
) (/usr/local/texlive/2025/texmf-dist/tex/latex/epstopdf-pkg/epstopdf-base.sty
Package: epstopdf-base 2020-01-24 v2.11 Base part for package epstopdf
Package epstopdf-base Info: Redefining graphics rule for `.eps' on input line 485.
 (/usr/local/texlive/2025/texmf-dist/tex/latex/latexconfig/epstopdf-sys.cfg
File: epstopdf-sys.cfg 2010/07/13 v1.3 Configuration of (r)epstopdf for TeX Live
))
\c__nicematrix_shift_Ldots_last_row_dim=\dimen323
\c__nicematrix_shift_exterior_Vdots_dim=\dimen324
\c__nicematrix_innersep_middle_dim=\dimen325
LaTeX Font Info:    Trying to load font information for U+msa on input line 127.
 (/usr/local/texlive/2025/texmf-dist/tex/latex/amsfonts/umsa.fd
File: umsa.fd 2013/01/14 v3.01 AMS symbols A
)
LaTeX Font Info:    Trying to load font information for U+msb on input line 127.
 (/usr/local/texlive/2025/texmf-dist/tex/latex/amsfonts/umsb.fd
File: umsb.fd 2013/01/14 v3.01 AMS symbols B
)
LaTeX Font Info:    Trying to load font information for U+rsfs on input line 127.
 (/usr/local/texlive/2025/texmf-dist/tex/latex/jknapltx/ursfs.fd
File: ursfs.fd 1998/03/24 rsfs font definition file (jk)
)
LaTeX Font Info:    Trying to load font information for U+stmry on input line 127.
 (/usr/local/texlive/2025/texmf-dist/tex/latex/stmaryrd/Ustmry.fd)

[1

{/usr/local/texlive/2025/texmf-var/fonts/map/pdftex/updmap/pdftex.map}]
Overfull \hbox (0.46236pt too wide) in paragraph at lines 197--199
\OT1/cmr/m/it/10 The space of such ho-mo-mor-phisms is de-noted by $[][]\OT1/cmr/m/n/10 (\OML/cmm/m/it/10 ^^Y[]; ^^Y[]\OT1/cmr/m/n/10 )$ \OT1/cmr/m/it/10 or $[][]\OT1/cmr/m/n/10 (\OML/cmm/m/it/10 V[]; V[]\OT1/cmr/m/n/10 )$\OT1/cmr/m/it/10 . 
 []



[2]
\g__nicematrix_max_cell_width_dim=\dimen326
\c@iRow=\count357
\c@jCol=\count358
\l__nicematrix_cell_box=\box70
\l__nicematrix_the_array_box=\box71
\l__nicematrix_left_delim_dim=\dimen327
\l__nicematrix_right_delim_dim=\dimen328
\g__nicematrix_block_box_1_box=\box72
\g__nicematrix_block_box_2_box=\box73
\g__nicematrix_ddots_int=\count359
\g__nicematrix_iddots_int=\count360
\g__nicematrix_delta_x_one_dim=\dimen329
\g__nicematrix_delta_y_one_dim=\dimen330
\g__nicematrix_delta_x_two_dim=\dimen331
\g__nicematrix_delta_y_two_dim=\dimen332
\l__nicematrix_initial_i_int=\count361
\l__nicematrix_initial_j_int=\count362
\l__nicematrix_final_i_int=\count363
\l__nicematrix_final_j_int=\count364

Overfull \hbox (67.59874pt too wide) detected at line 252
\OML/cmm/m/it/10 P \OT1/cmr/m/n/10 = [] \OML/cmm/m/it/10 :
 []


Overfull \hbox (70.58136pt too wide) detected at line 264
\OML/cmm/m/it/10 M \OT1/cmr/m/n/10 = [] \OML/cmm/m/it/10 :
 []


Overfull \hbox (81.03616pt too wide) detected at line 275
\OML/cmm/m/it/10 N \OT1/cmr/m/n/10 = [] \OML/cmm/m/it/10 :
 []



[3]

[4]

[5]

[6]
Overfull \hbox (10.08063pt too wide) detected at line 507
[][] \OML/cmm/m/it/10 ^^Y\OT1/cmr/m/n/10 (\OML/cmm/m/it/10 g\OT1/cmr/m/n/10 )(\OML/cmm/m/it/10 v\OT1/cmr/m/n/10 )\OML/cmm/m/it/10 dg \OT1/cmr/m/n/10 = [] [][] \OML/cmm/m/it/10 ^^Y\OT1/cmr/m/n/10 (\OML/cmm/m/it/10 g[]k\OT1/cmr/m/n/10 )(\OML/cmm/m/it/10 v\OT1/cmr/m/n/10 )\OML/cmm/m/it/10 dk \OT1/cmr/m/n/10 = [] \OML/cmm/m/it/10 ^^Y\OT1/cmr/m/n/10 (\OML/cmm/m/it/10 g[]\OT1/cmr/m/n/10 ) [][] \OML/cmm/m/it/10 ^^Y\OT1/cmr/m/n/10 (\OML/cmm/m/it/10 k\OT1/cmr/m/n/10 )(\OML/cmm/m/it/10 v\OT1/cmr/m/n/10 )\OML/cmm/m/it/10 dk \OT1/cmr/m/n/10 = [] \OMS/cmsy/m/n/10 j\OML/cmm/m/it/10 K[]\OMS/cmsy/m/n/10 j\OML/cmm/m/it/10 ^^Y\OT1/cmr/m/n/10 (\OML/cmm/m/it/10 g[]\OT1/cmr/m/n/10 )(\OML/cmm/m/it/10 v\OT1/cmr/m/n/10 )\OML/cmm/m/it/10 :
 []



[7]

[8]

[9]
Underfull \hbox (badness 10000) in paragraph at lines 681--682

 []


Underfull \hbox (badness 10000) in paragraph at lines 694--696

 []



[10]

[11]
Underfull \hbox (badness 10000) in paragraph at lines 804--806

 []


Overfull \hbox (13.82532pt too wide) in paragraph at lines 822--824
[]\OT1/cmr/bx/n/10 Lemma 1.16. []\OT1/cmr/m/it/10 Let $\OML/cmm/m/it/10 H[]; H[]$ \OT1/cmr/m/it/10 be open sub-groups of p-adic group $\OML/cmm/m/it/10 G$ \OT1/cmr/m/it/10 and $\OT1/cmr/m/n/10 (\OML/cmm/m/it/10 ^^Y[]; V[]\OT1/cmr/m/n/10 )\OML/cmm/m/it/10 ; \OT1/cmr/m/n/10 (\OML/cmm/m/it/10 ^^Y[]; V[]\OT1/cmr/m/n/10 )$
 []



[12]

[13]

[14]
Overfull \hbox (39.60577pt too wide) detected at line 964
[]
 []



[15]

[16]
Underfull \hbox (badness 10000) in paragraph at lines 1045--1046

 []


Underfull \hbox (badness 10000) in paragraph at lines 1046--1047

 []



[17]

[18]
Underfull \hbox (badness 10000) in paragraph at lines 1146--1147

 []


Underfull \hbox (badness 10000) in paragraph at lines 1178--1179

 []



[19]

[20]

[21]

[22]
Underfull \hbox (badness 10000) in paragraph at lines 1400--1401

 []



[23]
Underfull \hbox (badness 10000) in paragraph at lines 1470--1471

 []



[24]
Overfull \hbox (8.73767pt too wide) in paragraph at lines 1507--1508
[]\OT1/cmr/bx/n/10 Lemma 1.27. []\OT1/cmr/m/it/10 The fol-low-ing are equiv-a-lent for a rep-re-sen-ta-tion $\OT1/cmr/m/n/10 (\OML/cmm/m/it/10 ^^\; W\OT1/cmr/m/n/10 ) \OMS/cmsy/m/n/10 2 []\OT1/cmr/m/n/10 (\OML/cmm/m/it/10 H\OT1/cmr/m/n/10 )$\OT1/cmr/m/it/10 . 
 []



[25]

[26]
Overfull \hbox (12.96265pt too wide) in paragraph at lines 1600--1601
\OT1/cmr/m/it/10 give the equiv-a-lence of cat-e-gories. Thus we sim-ply de-note $[]\OT1/cmr/m/n/10 (\OML/cmm/m/it/10 H\OT1/cmr/m/n/10 ) = [][](\OML/cmm/m/it/10 H\OT1/cmr/m/n/10 ) \OMS/cmsy/m/n/10 ^^B
 []



[27]

[28]

[29]

[30]
Overfull \hbox (4.68948pt too wide) in paragraph at lines 1845--1846
[]\OT1/cmr/m/n/10 Let $\OML/cmm/m/it/10 M$ \OT1/cmr/m/n/10 be a sim-ple $\U/rsfs/m/n/10 H\OT1/cmr/m/n/10 (\OML/cmm/m/it/10 H; K\OT1/cmr/m/n/10 )$-module and con-sider a smooth $\OML/cmm/m/it/10 H$\OT1/cmr/m/n/10 -representation, 
 []



[31]

[32]
Overfull \hbox (1.07448pt too wide) detected at line 1969
\U/msb/m/n/10 P[] \OT1/cmr/m/n/10 = [] = [] \U/msb/m/n/10 o []
 []



[33]
Overfull \hbox (1.07448pt too wide) detected at line 1990
[] \OT1/cmr/m/n/10 = [] = [] \U/msb/m/n/10 o []
 []

LaTeX Font Info:    Trying to load font information for U+euf on input line 2007.
(/usr/local/texlive/2025/texmf-dist/tex/latex/amsfonts/ueuf.fd
File: ueuf.fd 2013/01/14 v3.01 Euler Fraktur
)

[34]

[35]

[36]

[37]
Overfull \hbox (32.10934pt too wide) detected at line 2287
[]
 []



[38]
Overfull \hbox (9.75026pt too wide) in paragraph at lines 2320--2321
[]\OT1/cmr/bx/n/10 Corollary 2.1. []$\OMS/cmsy/m/n/10 M$ \OT1/cmr/m/it/10 and $\OMS/cmsy/m/n/10 M[]$ \OT1/cmr/m/it/10 are com-mu-ta-tive sub-al-ge-bras of $\U/rsfs/m/n/10 H\OT1/cmr/m/n/10 (\OML/cmm/m/it/10 G; K\OT1/cmr/m/n/10 )\OML/cmm/m/it/10 ; \U/rsfs/m/n/10 H\OT1/cmr/m/n/10 (\OML/cmm/m/it/10 G[]; K\OT1/cmr/m/n/10 )$\OT1/cmr/m/it/10 ,
 []



[39]
Overfull \hbox (4.59027pt too wide) in paragraph at lines 2354--2356
[]\OT1/cmr/bx/n/10 Theorem 2.1 \OT1/cmr/m/n/10 (Burn-side's The-o-rem)\OT1/cmr/bx/n/10 . []\OT1/cmr/m/it/10 Let $\OML/cmm/m/it/10 S$ \OT1/cmr/m/it/10 be a fi-nite di-men-sional $\U/msb/m/n/10 C$\OT1/cmr/m/it/10 -vectorspace
 []



[40]

[41]

LaTeX Warning: Reference `theorem_32' on page 42 undefined on input line 2502.


LaTeX Warning: Reference `proposition_33' on page 42 undefined on input line 2502.


Underfull \hbox (badness 10000) in paragraph at lines 2526--2527

 []



[42]
Underfull \hbox (badness 10000) in paragraph at lines 2623--2625

 []



[43]
Underfull \hbox (badness 10000) in paragraph at lines 2673--2675

 []


Underfull \hbox (badness 10000) in paragraph at lines 2684--2685

 []



[44]
Underfull \hbox (badness 10000) in paragraph at lines 2716--2718

 []



[45]
Underfull \hbox (badness 10000) in paragraph at lines 2747--2749

 []


Underfull \hbox (badness 10000) in paragraph at lines 2767--2769

 []


Underfull \hbox (badness 10000) in paragraph at lines 2772--2774

 []



[46]
Underfull \hbox (badness 10000) in paragraph at lines 2820--2821

 []



[47]
Underfull \hbox (badness 10000) in paragraph at lines 2851--2853

 []


Underfull \hbox (badness 10000) in paragraph at lines 2856--2858

 []



[48]
Overfull \hbox (134.27826pt too wide) detected at line 2910
\OML/cmm/m/it/10 A[] \OT1/cmr/m/n/10 = [] \OML/cmm/m/it/10 ; A[] \OT1/cmr/m/n/10 = []
 []


Underfull \hbox (badness 10000) in paragraph at lines 2915--2916

 []



[49]
Underfull \hbox (badness 10000) in paragraph at lines 3010--3012

 []



[50]

[51]

[52]

[53]

[54]

[55]
Overfull \hbox (88.49246pt too wide) in paragraph at lines 3280--3281
 [] 
 []



[56]

[57]

[58]

LaTeX Warning: Reference `corollary_69' on page 59 undefined on input line 3459.



[59]

LaTeX Warning: Reference `corrolary_55' on page 60 undefined on input line 3541.


Underfull \hbox (badness 10000) in paragraph at lines 3547--3548

 []



[60]

LaTeX Warning: Citation `(' on page 61 undefined on input line 3583.



[61]
Overfull \hbox (40.45953pt too wide) detected at line 3636
[][]\OT1/cmr/m/n/10 (\OML/cmm/m/it/10 ^^\\OT1/cmr/m/n/10 ) = \OMS/cmsy/m/n/10 f\OML/cmm/m/it/10 f \OT1/cmr/m/n/10 : \OML/cmm/m/it/10 G \OMS/cmsy/m/n/10 ! \OML/cmm/m/it/10 ^^\ \OMS/cmsy/m/n/10 j \OML/cmm/m/it/10 f\OT1/cmr/m/n/10 (\OML/cmm/m/it/10 pg\OT1/cmr/m/n/10 ) = \OML/cmm/m/it/10 ^^\\OT1/cmr/m/n/10 (\OML/cmm/m/it/10 p\OT1/cmr/m/n/10 )(\OML/cmm/m/it/10 f\OT1/cmr/m/n/10 (\OML/cmm/m/it/10 g\OT1/cmr/m/n/10 ))\OMS/cmsy/m/n/10 g \OT1/cmr/m/n/10 = []\OMS/cmsy/m/n/10 f\OML/cmm/m/it/10 f \OMS/cmsy/m/n/10 2 [][]\OT1/cmr/m/n/10 (\OML/cmm/m/it/10 ^^\\OT1/cmr/m/n/10 ) \OMS/cmsy/m/n/10 j  []\OT1/cmr/m/n/10 (\OML/cmm/m/it/10 f\OT1/cmr/m/n/10 ) \OMS/cmsy/m/n/10 ^^R \OML/cmm/m/it/10 Pg[]Q\OMS/cmsy/m/n/10 g\OML/cmm/m/it/10 :
 []



[62]
Overfull \hbox (6.94383pt too wide) detected at line 3664
\OML/cmm/m/it/10 Pw[]Q; Pw[]Q \OMS/cmsy/m/n/10 t \OML/cmm/m/it/10 Pw[]Q; []  ; Pw[]Q \OMS/cmsy/m/n/10 t [] t \OML/cmm/m/it/10 Pw[]Q; Pw[]Q \OMS/cmsy/m/n/10 t [] t \OML/cmm/m/it/10 Pw[]Q \OT1/cmr/m/n/10 = \OML/cmm/m/it/10 G
 []



[63]
Overfull \hbox (3.81923pt too wide) in paragraph at lines 3741--3743
\OT1/cmr/m/it/10 where $\OML/cmm/m/it/10 i[]\OT1/cmr/m/n/10 (\OML/cmm/m/it/10 ^^\\OT1/cmr/m/n/10 )[] \OMS/cmsy/m/n/10 2 [][]\OT1/cmr/m/n/10 (\OML/cmm/m/it/10 G\OT1/cmr/m/n/10 )$ \OT1/cmr/m/it/10 and $\OML/cmm/m/it/10 i[]\OT1/cmr/m/n/10 (\OML/cmm/m/it/10 ^^\\OT1/cmr/m/n/10 )[] \OMS/cmsy/m/n/10 2 [][]\OT1/cmr/m/n/10 (\OML/cmm/m/it/10 G\OT1/cmr/m/n/10 )$\OT1/cmr/m/it/10 . Sup-pose that $\OML/cmm/m/it/10 ^^Z[]\OT1/cmr/m/n/10 (\OML/cmm/m/it/10 i[]\OT1/cmr/m/n/10 (\OML/cmm/m/it/10 ^^\\OT1/cmr/m/n/10 ))[] \OMS/cmsy/m/n/10 6\OT1/cmr/m/n/10 =
 []



[64]

[65]

LaTeX Warning: Reference `lemma_59' on page 66 undefined on input line 3809.



[66]

[67]

[68]

LaTeX Warning: Reference `lemma_7' on page 69 undefined on input line 3967.



[69]

[70]

[71]

[72]

LaTeX Warning: Reference `lemma_70' on page 73 undefined on input line 4182.



[73]
Overfull \hbox (25.9665pt too wide) in paragraph at lines 4211--4214
\OT1/cmr/m/n/10 Furthermore, we have $\OML/cmm/m/it/10 H \OT1/cmr/m/n/10 = \OML/cmm/m/it/10 N$ \OT1/cmr/m/n/10 if $\OML/cmm/m/it/10 ^^Y\OMS/cmsy/m/n/10 j[]$ \OT1/cmr/m/n/10 is of mul-ti-plic-ity $1$ that is $[] [][](\OML/cmm/m/it/10 ^^Y[]; ^^Y\OMS/cmsy/m/n/10 j[]\OT1/cmr/m/n/10 ) =
 []



[74]

[75]

LaTeX Warning: Reference `proposition_64' on page 76 undefined on input line 4318.


LaTeX Warning: Reference `proposition_97' on page 76 undefined on input line 4324.



[76]

[77]
Overfull \hbox (35.55876pt too wide) in paragraph at lines 4392--4394
\OT1/cmr/m/n/10 if $[][](\OML/cmm/m/it/10 i[]\OT1/cmr/m/n/10 (^^F)\OML/cmm/m/it/10 ; ^^Y[]\OT1/cmr/m/n/10 )$ is non-zero then $[][](\OML/cmm/m/it/10 i[]\OT1/cmr/m/n/10 (^^F)\OML/cmm/m/it/10 ; ^^Y[]\OT1/cmr/m/n/10 )$ is non-zero. And $[][](\OML/cmm/m/it/10 i[]\OT1/cmr/m/n/10 (^^F)\OML/cmm/m/it/10 ; ^^Y[]\OT1/cmr/m/n/10 )$
 []


Overfull \hbox (23.47148pt too wide) in paragraph at lines 4411--4412
[]\OT1/cmr/m/n/10 Since $\OML/cmm/m/it/10 ^^Z[]\OT1/cmr/m/n/10 (\OML/cmm/m/it/10 ^^Y\OT1/cmr/m/n/10 )$ is of fi-nite length, there is $\OML/cmm/m/it/10 ^^[[] \OMS/cmsy/m/n/10 2 [][]\OT1/cmr/m/n/10 (\OML/cmm/m/it/10 L[]\OT1/cmr/m/n/10 )$ such that $[][](\OML/cmm/m/it/10 ^^[[]; ^^Z[]\OT1/cmr/m/n/10 ) \OMS/cmsy/m/n/10 6\OT1/cmr/m/n/10 =
 []



[78]

[79]

LaTeX Warning: Reference `lemma_101' on page 80 undefined on input line 4519.



[80]

[81]
Overfull \hbox (16.62027pt too wide) in paragraph at lines 4609--4610
[]\OT1/cmr/bx/n/10 Definition 5.9. []$[][]\OT1/cmr/m/n/10 (\OML/cmm/m/it/10 L\OT1/cmr/m/n/10 )$ \OT1/cmr/m/it/10 is the set of ir-re-ducible rep-re-sen-ta-tions in $[][]\OT1/cmr/m/n/10 (\OML/cmm/m/it/10 L\OT1/cmr/m/n/10 )$\OT1/cmr/m/it/10 . 
 []


LaTeX Warning: Reference `corollary_13' on page 82 undefined on input line 4625.


LaTeX Warning: Reference `lemma_11' on page 82 undefined on input line 4642.



[82]

[83]

LaTeX Warning: Reference `lemma_59' on page 84 undefined on input line 4707.


Overfull \hbox (39.5583pt too wide) detected at line 4738
\OMS/cmsy/m/n/10 f\OML/cmm/m/it/10 ^^W \OMS/cmsy/m/n/10 2 \OML/cmm/m/it/10 X[]\OT1/cmr/m/n/10 (\OML/cmm/m/it/10 L\OT1/cmr/m/n/10 ) \OMS/cmsy/m/n/10 j  [][]\OT1/cmr/m/n/10 (\OML/cmm/m/it/10 ^^[[]^^W\OT1/cmr/m/n/10 ) = 1\OMS/cmsy/m/n/10 g \OT1/cmr/m/n/10 = \OML/cmm/m/it/10 X[]\OMS/cmsy/m/n/10 n [] \OML/cmm/m/it/10 :
 []



[84]

[85]

LaTeX Warning: Reference `corollary_98' on page 86 undefined on input line 4842.



[86]
Overfull \hbox (47.23462pt too wide) detected at line 4933
[]
 []



[87]

LaTeX Warning: Reference `proposition_97' on page 88 undefined on input line 4938.


LaTeX Warning: Reference `lemma_95' on page 88 undefined on input line 4953.



[88]

LaTeX Warning: Reference `proposition_97' on page 89 undefined on input line 4986.


Overfull \hbox (12.91101pt too wide) in paragraph at lines 4993--4994
 [] 
 []



[89]

LaTeX Warning: Reference `corollary_98' on page 90 undefined on input line 5049.


Overfull \hbox (13.37967pt too wide) in paragraph at lines 5079--5080
\OT1/cmr/m/n/10 According to Lemma 5.5[], $\OML/cmm/m/it/10 i[]\OT1/cmr/m/n/10 (\OML/cmm/m/it/10 ^^[[]\OT1/cmr/m/n/10 )$ is ir-re-ducible. Hence the cen-ter $\OML/cmm/m/it/10 Z\OT1/cmr/m/n/10 ([][](\OML/cmm/m/it/10 G\OT1/cmr/m/n/10 )) []
 []



[90]

[91]
Overfull \hbox (32.20294pt too wide) in paragraph at lines 5152--5154
\OT1/cmr/m/n/10 Let $\OML/cmm/m/it/10 z \OMS/cmsy/m/n/10 2 \OML/cmm/m/it/10 Z\OT1/cmr/m/n/10 (\OMS/cmsy/m/n/10 B\OT1/cmr/m/n/10 )[]$. Con-sider the ac-tion of $\OML/cmm/m/it/10 z$ \OT1/cmr/m/n/10 on the right $\OMS/cmsy/m/n/10 A ^^@ []\OML/cmm/m/it/10 ; [][]\OT1/cmr/m/n/10 (\OML/cmm/m/it/10 i[]\OT1/cmr/m/n/10 (^^F)\OML/cmm/m/it/10 ; i[]\OT1/cmr/m/n/10 (\OML/cmm/m/it/10 ^^\\OT1/cmr/m/n/10 ))$
 []



[92]

LaTeX Warning: Reference `corollary_98' on page 93 undefined on input line 5223.


LaTeX Warning: Reference `corollary_98' on page 93 undefined on input line 5225.



[93]
Overfull \hbox (26.12935pt too wide) detected at line 5238
[][] [] \OT1/cmr/m/n/10 = \OML/cmm/m/it/10 m[] \OMS/cmsy/m/n/10 ^^A j\OML/cmm/m/it/10 W[] [][] [] \OT1/cmr/m/n/10 = \OML/cmm/m/it/10 m[]\OMS/cmsy/m/n/10 j\OML/cmm/m/it/10 W[]\OMS/cmsy/m/n/10 j[]\OML/cmm/m/it/10 :
 []



[94]

[95]

[96]

LaTeX Warning: Reference `theorem_116' on page 97 undefined on input line 5441.



[97]
Overfull \hbox (22.01282pt too wide) in paragraph at lines 5473--5474
[]\OT1/cmr/m/n/10 Now we prove that this is ac-tu-ally a gen-er-a-tor of the Bern-stain block $[][](\OML/cmm/m/it/10 G\OT1/cmr/m/n/10 )$.
 []


Overfull \hbox (32.86426pt too wide) in paragraph at lines 5485--5486
[]\OT1/cmr/bx/n/10 Proposition 5.5 \OT1/cmr/m/n/10 (Re-la-tions of Two Pro-gen-er-a-tor)\OT1/cmr/bx/n/10 . []\OT1/cmr/m/it/10 For a Bern-stein block $[][]\OT1/cmr/m/n/10 (\OML/cmm/m/it/10 G\OT1/cmr/m/n/10 )$\OT1/cmr/m/it/10 , 
 []



[98]

LaTeX Warning: Reference `lemma_67' on page 99 undefined on input line 5540.



[99]
Overfull \hbox (14.78354pt too wide) in paragraph at lines 5622--5624
\OT1/cmr/m/it/10 and it can be even shown that there ex-ists no other triv-ial re-la-tion. $\U/rsfs/m/n/10 H[]\OT1/cmr/m/n/10 (\OML/cmm/m/it/10 W[]\OT1/cmr/m/n/10 ([])\OML/cmm/m/it/10 ; p\OT1/cmr/m/n/10 )$
 []


LaTeX Warning: Citation `Adl_2' on page 100 undefined on input line 5637.


Overfull \hbox (92.37573pt too wide) in paragraph at lines 5638--5646
 [] 
 []



[100]
Underfull \hbox (badness 7595) in paragraph at lines 5697--5698
[]\OT1/cmr/m/n/10 Debacker, Ste-fan, Lec-ture notes https://websites.umich.edu/ smd-
 []



[101]

[102] (./V4A9_note.aux)
 ***********
LaTeX2e <2024-11-01> patch level 2
L3 programming layer <2025-01-18>
 ***********


LaTeX Warning: There were undefined references.


LaTeX Warning: There were multiply-defined labels.

 ) 
Here is how much of TeX's memory you used:
 22421 strings out of 473190
 505164 string characters out of 5715799
 969001 words of memory out of 5000000
 45360 multiletter control sequences out of 15000+600000
 573608 words of font info for 97 fonts, out of 8000000 for 9000
 1141 hyphenation exceptions out of 8191
 116i,24n,121p,540b,1167s stack positions out of 10000i,1000n,20000p,200000b,200000s
</usr/local/texlive/2025/texmf-dist/fonts/type1/public/amsfonts/cm/cmbx10.pfb></usr/local/texlive/2025/texmf-dist/fonts/type1/public/amsfonts/cm/cmbx12.pfb></usr/local/texlive/2025/texmf-dist/fonts/type1/public/amsfonts/cm/cmbx5.pfb></usr/local/texlive/2025/texmf-dist/fonts/type1/public/amsfonts/cm/cmbx7.pfb></usr/local/texlive/2025/texmf-dist/fonts/type1/public/amsfonts/cm/cmex10.pfb></usr/local/texlive/2025/texmf-dist/fonts/type1/public/amsfonts/cmextra/cmex7.pfb></usr/local/texlive/2025/texmf-dist/fonts/type1/public/amsfonts/cm/cmmi10.pfb></usr/local/texlive/2025/texmf-dist/fonts/type1/public/amsfonts/cm/cmmi12.pfb></usr/local/texlive/2025/texmf-dist/fonts/type1/public/amsfonts/cm/cmmi5.pfb></usr/local/texlive/2025/texmf-dist/fonts/type1/public/amsfonts/cm/cmmi6.pfb></usr/local/texlive/2025/texmf-dist/fonts/type1/public/amsfonts/cm/cmmi7.pfb></usr/local/texlive/2025/texmf-dist/fonts/type1/public/amsfonts/cm/cmmi8.pfb></usr/local/texlive/2025/texmf-dist/fonts/type1/public/amsfonts/cm/cmr10.pfb></usr/local/texlive/2025/texmf-dist/fonts/type1/public/amsfonts/cm/cmr12.pfb></usr/local/texlive/2025/texmf-dist/fonts/type1/public/amsfonts/cm/cmr17.pfb></usr/local/texlive/2025/texmf-dist/fonts/type1/public/amsfonts/cm/cmr5.pfb></usr/local/texlive/2025/texmf-dist/fonts/type1/public/amsfonts/cm/cmr7.pfb></usr/local/texlive/2025/texmf-dist/fonts/type1/public/amsfonts/cm/cmr8.pfb></usr/local/texlive/2025/texmf-dist/fonts/type1/public/amsfonts/cm/cmsy10.pfb></usr/local/texlive/2025/texmf-dist/fonts/type1/public/amsfonts/cm/cmsy5.pfb></usr/local/texlive/2025/texmf-dist/fonts/type1/public/amsfonts/cm/cmsy7.pfb></usr/local/texlive/2025/texmf-dist/fonts/type1/public/amsfonts/cm/cmsy8.pfb></usr/local/texlive/2025/texmf-dist/fonts/type1/public/amsfonts/cm/cmti10.pfb></usr/local/texlive/2025/texmf-dist/fonts/type1/public/amsfonts/cm/cmti7.pfb></usr/local/texlive/2025/texmf-dist/fonts/type1/public/amsfonts/euler/eufm10.pfb></usr/local/texlive/2025/texmf-dist/fonts/type1/public/amsfonts/euler/eufm7.pfb></usr/local/texlive/2025/texmf-dist/fonts/type1/public/amsfonts/symbols/msam10.pfb></usr/local/texlive/2025/texmf-dist/fonts/type1/public/amsfonts/symbols/msam7.pfb></usr/local/texlive/2025/texmf-dist/fonts/type1/public/amsfonts/symbols/msbm10.pfb></usr/local/texlive/2025/texmf-dist/fonts/type1/public/amsfonts/symbols/msbm5.pfb></usr/local/texlive/2025/texmf-dist/fonts/type1/public/amsfonts/symbols/msbm7.pfb></usr/local/texlive/2025/texmf-dist/fonts/type1/public/rsfs/rsfs10.pfb></usr/local/texlive/2025/texmf-dist/fonts/type1/public/rsfs/rsfs7.pfb></usr/local/texlive/2025/texmf-dist/fonts/type1/public/stmaryrd/stmary10.pfb></usr/local/texlive/2025/texmf-dist/fonts/type1/public/stmaryrd/stmary7.pfb>
Output written on V4A9_note.pdf (102 pages, 705826 bytes).
PDF statistics:
 512 PDF objects out of 1000 (max. 8388607)
 334 compressed objects within 4 object streams
 0 named destinations out of 1000 (max. 500000)
 13 words of extra memory for PDF output out of 10000 (max. 10000000)

